#2025 12 11 16:42:19.799#Z#DEBUG#488502c8-d6b0-11f0-b96a-eeee0a9b9f4e.monitoring-dashboard-srv#flowable-async-job-executor-thread-3058#
[PollStageAppStatusExecution] 113816b9-3652-4c6b-aee6-9f7ae1199eee [2025-12-11T16:28:17.595027] 54a097c8trial-dev-monitoring-dashboard-app.cfapps.us10-001.hana.ondemand.com - [2025-12-11T16:28:17.587706589Z] "GET /index.html HTTP/2.0" 404 0 149 "-" "Mozilla/5.0 (Macintosh; Intel Mac OS X 10_15_7) AppleWebKit/537.36 (KHTML, like Gecko) Chrome/142.0.0.0 Safari/537.36" "10.0.72.0:25718" "10.32.1.6:61039" x_forwarded_for:"103.147.161.12, 10.0.72.0" x_forwarded_proto:"https" vcap_request_id:"f29d8a4d-1ba7-4a54-6b40-2acf3c994bdb" response_time:0.007213 gorouter_time:0.000060 app_id:"113816b9-3652-4c6b-aee6-9f7ae1199eee" app_index:"0" instance_id:"de0b424f-b7b9-4b11-627d-927a" failed_attempts:0 failed_attempts_time:"-" dns_time:0.000000 dial_time:0.000492 tls_time:0.005028 backend_time:0.007153 local_address:"10.0.65.9:58714" x_cf_routererror:"-" x_correlationid:"-" tenantid:"-" sap_passport:"-" x_scp_request_id:"aa06da86-8e0c-485d-86a5-671ca5115ca4-693AF121-1D4AFD1" x_cf_app_instance:"-" x_forwarded_host:"-" x_custom_host:"-" x_ssl_client:"-" x_ssl_client_session_id:"-" x_ssl_client_verify:"-" x_ssl_client_subject_dn:"-" x_ssl_client_subject_cn:"-" x_ssl_client_issuer_dn:"-" x_ssl_client_notbefore:"-" x_ssl_client_notafter:"-" x_cf_forwarded_url:"-" traceparent:"-" true_client_ip:"-" x_cf_true_client_ip:"103.147.161.12" x_request_id:"-" x_b3_traceid:"f29d8a4d1ba74a546b402acf3c994bdb" x_b3_spanid:"6b402acf3c994bdb" x_b3_parentspanid:"-" b3:"f29d8a4d1ba74a546b402acf3c994bdb-6b402acf3c994bdb" (STDOUT, RTR)#
#2025 12 11 16:42:19.799#Z#DEBUG#488502c8-d6b0-11f0-b96a-eeee0a9b9f4e.monitoring-dashboard-srv#flowable-async-job-executor-thread-3058#
[PollStageAppStatusExecution] 113816b9-3652-4c6b-aee6-9f7ae1199eee [2025-12-11T16:28:44.634112] 54a097c8trial-dev-monitoring-dashboard-app.cfapps.us10-001.hana.ondemand.com - [2025-12-11T16:28:44.626017568Z] "GET / HTTP/2.0" 404 0 139 "-" "Mozilla/5.0 (Macintosh; Intel Mac OS X 10_15_7) AppleWebKit/537.36 (KHTML, like Gecko) Chrome/142.0.0.0 Safari/537.36" "10.0.72.0:58924" "10.32.1.6:61039" x_forwarded_for:"103.147.161.12, 10.0.72.0" x_forwarded_proto:"https" vcap_request_id:"eea5d528-d255-47e4-7478-2fc519aa90dd" response_time:0.007521 gorouter_time:0.000096 app_id:"113816b9-3652-4c6b-aee6-9f7ae1199eee" app_index:"0" instance_id:"de0b424f-b7b9-4b11-627d-927a" failed_attempts:0 failed_attempts_time:"-" dns_time:0.000000 dial_time:0.000617 tls_time:0.005225 backend_time:0.007424 local_address:"10.0.65.8:52810" x_cf_routererror:"-" x_correlationid:"-" tenantid:"-" sap_passport:"-" x_scp_request_id:"aa06da86-8e0c-485d-86a5-671ca5115ca4-693AF136-1D4D3AA" x_cf_app_instance:"-" x_forwarded_host:"-" x_custom_host:"-" x_ssl_client:"-" x_ssl_client_session_id:"-" x_ssl_client_verify:"-" x_ssl_client_subject_dn:"-" x_ssl_client_subject_cn:"-" x_ssl_client_issuer_dn:"-" x_ssl_client_notbefore:"-" x_ssl_client_notafter:"-" x_cf_forwarded_url:"-" traceparent:"-" true_client_ip:"-" x_cf_true_client_ip:"103.147.161.12" x_request_id:"-" x_b3_traceid:"eea5d528d25547e474782fc519aa90dd" x_b3_spanid:"74782fc519aa90dd" x_b3_parentspanid:"-" b3:"eea5d528d25547e474782fc519aa90dd-74782fc519aa90dd" (STDOUT, RTR)#
#2025 12 11 16:42:19.799#Z#DEBUG#488502c8-d6b0-11f0-b96a-eeee0a9b9f4e.monitoring-dashboard-srv#flowable-async-job-executor-thread-3058#
[PollStageAppStatusExecution] 113816b9-3652-4c6b-aee6-9f7ae1199eee [2025-12-11T16:36:01.759683] Updated app with guid 113816b9-3652-4c6b-aee6-9f7ae1199eee ({"lifecycle"=>{"data"=>{"buildpacks"=>["nodejs_buildpack"]}, "type"=>"buildpack"}}) (STDOUT, API)#
#2025 12 11 16:42:19.799#Z#DEBUG#488502c8-d6b0-11f0-b96a-eeee0a9b9f4e.monitoring-dashboard-srv#flowable-async-job-executor-thread-3058#
[PollStageAppStatusExecution] 113816b9-3652-4c6b-aee6-9f7ae1199eee [2025-12-11T16:36:01.863033] Updating process: "web" (STDOUT, API)#
#2025 12 11 16:42:19.799#Z#DEBUG#488502c8-d6b0-11f0-b96a-eeee0a9b9f4e.monitoring-dashboard-srv#flowable-async-job-executor-thread-3058#
[PollStageAppStatusExecution] 113816b9-3652-4c6b-aee6-9f7ae1199eee [2025-12-11T16:36:17.318467] Uploading app package for app with guid 113816b9-3652-4c6b-aee6-9f7ae1199eee (STDOUT, API)#
#2025 12 11 16:42:19.799#Z#DEBUG#488502c8-d6b0-11f0-b96a-eeee0a9b9f4e.monitoring-dashboard-srv#flowable-async-job-executor-thread-3058#
[PollStageAppStatusExecution] 113816b9-3652-4c6b-aee6-9f7ae1199eee [2025-12-11T16:36:17.529824] Updated app with guid 113816b9-3652-4c6b-aee6-9f7ae1199eee ({"environment_variables"=>"[PRIVATE DATA HIDDEN]"}) (STDOUT, API)#
#2025 12 11 16:42:19.799#Z#DEBUG#488502c8-d6b0-11f0-b96a-eeee0a9b9f4e.monitoring-dashboard-srv#flowable-async-job-executor-thread-3058#
[PollStageAppStatusExecution] 113816b9-3652-4c6b-aee6-9f7ae1199eee [2025-12-11T16:36:27.636439] Stopping app with guid 113816b9-3652-4c6b-aee6-9f7ae1199eee (STDOUT, API)#
#2025 12 11 16:42:19.799#Z#DEBUG#488502c8-d6b0-11f0-b96a-eeee0a9b9f4e.monitoring-dashboard-srv#flowable-async-job-executor-thread-3058#
[PollStageAppStatusExecution] 113816b9-3652-4c6b-aee6-9f7ae1199eee [2025-12-11T16:36:27.666131] Cell 684caff8-89cd-492b-be01-b3d0835f1763 stopping instance de0b424f-b7b9-4b11-627d-927a (STDOUT, CELL)#
#2025 12 11 16:42:19.799#Z#DEBUG#488502c8-d6b0-11f0-b96a-eeee0a9b9f4e.monitoring-dashboard-srv#flowable-async-job-executor-thread-3058#
[PollStageAppStatusExecution] 113816b9-3652-4c6b-aee6-9f7ae1199eee [2025-12-11T16:36:27.836276] Creating build for app with guid 113816b9-3652-4c6b-aee6-9f7ae1199eee (STDOUT, API)#
#2025 12 11 16:42:19.799#Z#DEBUG#488502c8-d6b0-11f0-b96a-eeee0a9b9f4e.monitoring-dashboard-srv#flowable-async-job-executor-thread-3058#
[PollStageAppStatusExecution] 113816b9-3652-4c6b-aee6-9f7ae1199eee [2025-12-11T16:36:28.395533] Downloading nodejs_buildpack... (STDOUT, STG)#
#2025 12 11 16:42:19.799#Z#DEBUG#488502c8-d6b0-11f0-b96a-eeee0a9b9f4e.monitoring-dashboard-srv#flowable-async-job-executor-thread-3058#
[PollStageAppStatusExecution] 113816b9-3652-4c6b-aee6-9f7ae1199eee [2025-12-11T16:36:28.444107] Downloaded nodejs_buildpack (STDOUT, STG)#
#2025 12 11 16:42:19.799#Z#DEBUG#488502c8-d6b0-11f0-b96a-eeee0a9b9f4e.monitoring-dashboard-srv#flowable-async-job-executor-thread-3058#
[PollStageAppStatusExecution] 113816b9-3652-4c6b-aee6-9f7ae1199eee [2025-12-11T16:36:28.444177] Cell c839c7b1-088e-41af-b9b7-66256aacd457 creating container for instance f82e685a-aa99-4f03-b339-8a7bc6682166 (STDOUT, STG)#
#2025 12 11 16:42:19.799#Z#DEBUG#488502c8-d6b0-11f0-b96a-eeee0a9b9f4e.monitoring-dashboard-srv#flowable-async-job-executor-thread-3058#
[PollStageAppStatusExecution] 113816b9-3652-4c6b-aee6-9f7ae1199eee [2025-12-11T16:36:28.789114] Security group rules were updated (STDOUT, STG)#
#2025 12 11 16:42:19.799#Z#DEBUG#488502c8-d6b0-11f0-b96a-eeee0a9b9f4e.monitoring-dashboard-srv#flowable-async-job-executor-thread-3058#
[PollStageAppStatusExecution] 113816b9-3652-4c6b-aee6-9f7ae1199eee [2025-12-11T16:36:28.849636] Cell c839c7b1-088e-41af-b9b7-66256aacd457 successfully created container for instance f82e685a-aa99-4f03-b339-8a7bc6682166 (STDOUT, STG)#
#2025 12 11 16:42:19.799#Z#DEBUG#488502c8-d6b0-11f0-b96a-eeee0a9b9f4e.monitoring-dashboard-srv#flowable-async-job-executor-thread-3058#
[PollStageAppStatusExecution] 113816b9-3652-4c6b-aee6-9f7ae1199eee [2025-12-11T16:36:28.981094] Downloading app package... (STDOUT, STG)#
#2025 12 11 16:42:19.799#Z#DEBUG#488502c8-d6b0-11f0-b96a-eeee0a9b9f4e.monitoring-dashboard-srv#flowable-async-job-executor-thread-3058#
[PollStageAppStatusExecution] 113816b9-3652-4c6b-aee6-9f7ae1199eee [2025-12-11T16:36:28.981130] Downloading build artifacts cache... (STDOUT, STG)#
#2025 12 11 16:42:19.799#Z#DEBUG#488502c8-d6b0-11f0-b96a-eeee0a9b9f4e.monitoring-dashboard-srv#flowable-async-job-executor-thread-3058#
[PollStageAppStatusExecution] 113816b9-3652-4c6b-aee6-9f7ae1199eee [2025-12-11T16:36:29.065780] Downloaded build artifacts cache (225B) (STDOUT, STG)#
#2025 12 11 16:42:19.799#Z#DEBUG#488502c8-d6b0-11f0-b96a-eeee0a9b9f4e.monitoring-dashboard-srv#flowable-async-job-executor-thread-3058#
[PollStageAppStatusExecution] 113816b9-3652-4c6b-aee6-9f7ae1199eee [2025-12-11T16:36:29.406146] Downloaded app package (3.2M) (STDOUT, STG)#
#2025 12 11 16:42:19.799#Z#DEBUG#488502c8-d6b0-11f0-b96a-eeee0a9b9f4e.monitoring-dashboard-srv#flowable-async-job-executor-thread-3058#
[PollStageAppStatusExecution] 113816b9-3652-4c6b-aee6-9f7ae1199eee [2025-12-11T16:36:29.464568] -----> Nodejs Buildpack version 1.8.39 (STDOUT, STG)#
#2025 12 11 16:42:19.799#Z#DEBUG#488502c8-d6b0-11f0-b96a-eeee0a9b9f4e.monitoring-dashboard-srv#flowable-async-job-executor-thread-3058#
[PollStageAppStatusExecution] 113816b9-3652-4c6b-aee6-9f7ae1199eee [2025-12-11T16:36:29.574572] -----> Bootstrapping python (STDOUT, STG)#
#2025 12 11 16:42:19.799#Z#DEBUG#488502c8-d6b0-11f0-b96a-eeee0a9b9f4e.monitoring-dashboard-srv#flowable-async-job-executor-thread-3058#
[PollStageAppStatusExecution] 113816b9-3652-4c6b-aee6-9f7ae1199eee [2025-12-11T16:36:29.574609] -----> Installing python 3.11.13 (STDOUT, STG)#
#2025 12 11 16:42:19.799#Z#DEBUG#488502c8-d6b0-11f0-b96a-eeee0a9b9f4e.monitoring-dashboard-srv#flowable-async-job-executor-thread-3058#
[PollStageAppStatusExecution] 113816b9-3652-4c6b-aee6-9f7ae1199eee [2025-12-11T16:36:29.574633] Copy [/tmp/buildpacks/5c86f85b4142c4b7/dependencies/28094bfda36b8c744219390b5b628ee3/python_3.11.13_linux_x64_cflinuxfs4_49160849.tgz] (STDOUT, STG)#
#2025 12 11 16:42:19.799#Z#DEBUG#488502c8-d6b0-11f0-b96a-eeee0a9b9f4e.monitoring-dashboard-srv#flowable-async-job-executor-thread-3058#
[PollStageAppStatusExecution] 113816b9-3652-4c6b-aee6-9f7ae1199eee [2025-12-11T16:36:32.394046] -----> Installing binaries (STDOUT, STG)#
#2025 12 11 16:42:19.799#Z#DEBUG#488502c8-d6b0-11f0-b96a-eeee0a9b9f4e.monitoring-dashboard-srv#flowable-async-job-executor-thread-3058#
[PollStageAppStatusExecution] 113816b9-3652-4c6b-aee6-9f7ae1199eee [2025-12-11T16:36:32.394208] engines.node (package.json): >=20 (STDOUT, STG)#
#2025 12 11 16:42:19.799#Z#DEBUG#488502c8-d6b0-11f0-b96a-eeee0a9b9f4e.monitoring-dashboard-srv#flowable-async-job-executor-thread-3058#
[PollStageAppStatusExecution] 113816b9-3652-4c6b-aee6-9f7ae1199eee [2025-12-11T16:36:32.394222] engines.npm (package.json): unspecified (use default) (STDOUT, STG)#
#2025 12 11 16:42:19.799#Z#DEBUG#488502c8-d6b0-11f0-b96a-eeee0a9b9f4e.monitoring-dashboard-srv#flowable-async-job-executor-thread-3058#
[PollStageAppStatusExecution] 113816b9-3652-4c6b-aee6-9f7ae1199eee [2025-12-11T16:36:32.394226] [31;1m**WARNING**[0m Dangerous semver range (>) in engines.node. See: http://docs.cloudfoundry.org/buildpacks/node/node-tips.html (STDOUT, STG)#
#2025 12 11 16:42:19.799#Z#DEBUG#488502c8-d6b0-11f0-b96a-eeee0a9b9f4e.monitoring-dashboard-srv#flowable-async-job-executor-thread-3058#
[PollStageAppStatusExecution] 113816b9-3652-4c6b-aee6-9f7ae1199eee [2025-12-11T16:36:32.394284] -----> Installing node 24.3.0 (STDOUT, STG)#
#2025 12 11 16:42:19.799#Z#DEBUG#488502c8-d6b0-11f0-b96a-eeee0a9b9f4e.monitoring-dashboard-srv#flowable-async-job-executor-thread-3058#
[PollStageAppStatusExecution] 113816b9-3652-4c6b-aee6-9f7ae1199eee [2025-12-11T16:36:32.394490] Copy [/tmp/buildpacks/5c86f85b4142c4b7/dependencies/54b65851559bd58ad3fd2aac68936cd9/node_24.3.0_linux_x64_cflinuxfs4_b6ec3828.tgz] (STDOUT, STG)#
#2025 12 11 16:42:19.799#Z#DEBUG#488502c8-d6b0-11f0-b96a-eeee0a9b9f4e.monitoring-dashboard-srv#flowable-async-job-executor-thread-3058#
[PollStageAppStatusExecution] 113816b9-3652-4c6b-aee6-9f7ae1199eee [2025-12-11T16:36:34.123186] Using default npm version: 11.4.2 (STDOUT, STG)#
#2025 12 11 16:42:19.799#Z#DEBUG#488502c8-d6b0-11f0-b96a-eeee0a9b9f4e.monitoring-dashboard-srv#flowable-async-job-executor-thread-3058#
[PollStageAppStatusExecution] 113816b9-3652-4c6b-aee6-9f7ae1199eee [2025-12-11T16:36:34.123211] -----> Installing yarn 1.22.22 (STDOUT, STG)#
#2025 12 11 16:42:19.799#Z#DEBUG#488502c8-d6b0-11f0-b96a-eeee0a9b9f4e.monitoring-dashboard-srv#flowable-async-job-executor-thread-3058#
[PollStageAppStatusExecution] 113816b9-3652-4c6b-aee6-9f7ae1199eee [2025-12-11T16:36:34.123215] Copy [/tmp/buildpacks/5c86f85b4142c4b7/dependencies/ff849eb7696d3a7f463752a272c9a88e/yarn_1.22.22_linux_noarch_any-stack_83bda680.tgz] (STDOUT, STG)#
#2025 12 11 16:42:19.799#Z#DEBUG#488502c8-d6b0-11f0-b96a-eeee0a9b9f4e.monitoring-dashboard-srv#flowable-async-job-executor-thread-3058#
[PollStageAppStatusExecution] 113816b9-3652-4c6b-aee6-9f7ae1199eee [2025-12-11T16:36:34.365246] Installed yarn 1.22.22 (STDOUT, STG)#
#2025 12 11 16:42:19.799#Z#DEBUG#488502c8-d6b0-11f0-b96a-eeee0a9b9f4e.monitoring-dashboard-srv#flowable-async-job-executor-thread-3058#
[PollStageAppStatusExecution] 113816b9-3652-4c6b-aee6-9f7ae1199eee [2025-12-11T16:36:34.365268] -----> Creating runtime environment (STDOUT, STG)#
#2025 12 11 16:42:19.799#Z#DEBUG#488502c8-d6b0-11f0-b96a-eeee0a9b9f4e.monitoring-dashboard-srv#flowable-async-job-executor-thread-3058#
[PollStageAppStatusExecution] 113816b9-3652-4c6b-aee6-9f7ae1199eee [2025-12-11T16:36:34.366755] NODE_ENV=production (STDOUT, STG)#
#2025 12 11 16:42:19.799#Z#DEBUG#488502c8-d6b0-11f0-b96a-eeee0a9b9f4e.monitoring-dashboard-srv#flowable-async-job-executor-thread-3058#
[PollStageAppStatusExecution] 113816b9-3652-4c6b-aee6-9f7ae1199eee [2025-12-11T16:36:34.366769] NODE_HOME=/tmp/contents1652523167/deps/0/node (STDOUT, STG)#
#2025 12 11 16:42:19.799#Z#DEBUG#488502c8-d6b0-11f0-b96a-eeee0a9b9f4e.monitoring-dashboard-srv#flowable-async-job-executor-thread-3058#
[PollStageAppStatusExecution] 113816b9-3652-4c6b-aee6-9f7ae1199eee [2025-12-11T16:36:34.366772] NODE_MODULES_CACHE=true (STDOUT, STG)#
#2025 12 11 16:42:19.799#Z#DEBUG#488502c8-d6b0-11f0-b96a-eeee0a9b9f4e.monitoring-dashboard-srv#flowable-async-job-executor-thread-3058#
[PollStageAppStatusExecution] 113816b9-3652-4c6b-aee6-9f7ae1199eee [2025-12-11T16:36:34.366775] NODE_VERBOSE=false (STDOUT, STG)#
#2025 12 11 16:42:19.799#Z#DEBUG#488502c8-d6b0-11f0-b96a-eeee0a9b9f4e.monitoring-dashboard-srv#flowable-async-job-executor-thread-3058#
[PollStageAppStatusExecution] 113816b9-3652-4c6b-aee6-9f7ae1199eee [2025-12-11T16:36:34.366777] NPM_CONFIG_LOGLEVEL=error (STDOUT, STG)#
#2025 12 11 16:42:19.799#Z#DEBUG#488502c8-d6b0-11f0-b96a-eeee0a9b9f4e.monitoring-dashboard-srv#flowable-async-job-executor-thread-3058#
[PollStageAppStatusExecution] 113816b9-3652-4c6b-aee6-9f7ae1199eee [2025-12-11T16:36:34.366780] NPM_CONFIG_PRODUCTION=true (STDOUT, STG)#
#2025 12 11 16:42:19.799#Z#DEBUG#488502c8-d6b0-11f0-b96a-eeee0a9b9f4e.monitoring-dashboard-srv#flowable-async-job-executor-thread-3058#
[PollStageAppStatusExecution] 113816b9-3652-4c6b-aee6-9f7ae1199eee [2025-12-11T16:36:34.366797] -----> Building dependencies (STDOUT, STG)#
#2025 12 11 16:42:19.799#Z#DEBUG#488502c8-d6b0-11f0-b96a-eeee0a9b9f4e.monitoring-dashboard-srv#flowable-async-job-executor-thread-3058#
[PollStageAppStatusExecution] 113816b9-3652-4c6b-aee6-9f7ae1199eee [2025-12-11T16:36:34.366803] Prebuild detected (node_modules already exists) (STDOUT, STG)#
#2025 12 11 16:42:19.799#Z#DEBUG#488502c8-d6b0-11f0-b96a-eeee0a9b9f4e.monitoring-dashboard-srv#flowable-async-job-executor-thread-3058#
[PollStageAppStatusExecution] 113816b9-3652-4c6b-aee6-9f7ae1199eee [2025-12-11T16:36:34.366846] Rebuilding any native modules (STDOUT, STG)#
#2025 12 11 16:42:19.799#Z#DEBUG#488502c8-d6b0-11f0-b96a-eeee0a9b9f4e.monitoring-dashboard-srv#flowable-async-job-executor-thread-3058#
[PollStageAppStatusExecution] 113816b9-3652-4c6b-aee6-9f7ae1199eee [2025-12-11T16:36:34.848126] rebuilt dependencies successfully (STDOUT, STG)#
#2025 12 11 16:42:19.799#Z#DEBUG#488502c8-d6b0-11f0-b96a-eeee0a9b9f4e.monitoring-dashboard-srv#flowable-async-job-executor-thread-3058#
[PollStageAppStatusExecution] 113816b9-3652-4c6b-aee6-9f7ae1199eee [2025-12-11T16:36:34.899538] Installing any new modules (package.json + package-lock.json) (STDOUT, STG)#
#2025 12 11 16:42:19.799#Z#DEBUG#488502c8-d6b0-11f0-b96a-eeee0a9b9f4e.monitoring-dashboard-srv#flowable-async-job-executor-thread-3058#
[PollStageAppStatusExecution] 113816b9-3652-4c6b-aee6-9f7ae1199eee [2025-12-11T16:36:35.395843] up to date in 442ms (STDOUT, STG)#
#2025 12 11 16:42:19.799#Z#DEBUG#488502c8-d6b0-11f0-b96a-eeee0a9b9f4e.monitoring-dashboard-srv#flowable-async-job-executor-thread-3058#
[PollStageAppStatusExecution] 113816b9-3652-4c6b-aee6-9f7ae1199eee [2025-12-11T16:36:35.396017] 17 packages are looking for funding (STDOUT, STG)#
#2025 12 11 16:42:19.799#Z#DEBUG#488502c8-d6b0-11f0-b96a-eeee0a9b9f4e.monitoring-dashboard-srv#flowable-async-job-executor-thread-3058#
[PollStageAppStatusExecution] 113816b9-3652-4c6b-aee6-9f7ae1199eee [2025-12-11T16:36:35.396039] run `npm fund` for details (STDOUT, STG)#
#2025 12 11 16:42:19.799#Z#DEBUG#488502c8-d6b0-11f0-b96a-eeee0a9b9f4e.monitoring-dashboard-srv#flowable-async-job-executor-thread-3058#
[PollStageAppStatusExecution] 113816b9-3652-4c6b-aee6-9f7ae1199eee [2025-12-11T16:36:35.855127] Contrast Security no credentials found. Will not write environment files. (STDOUT, STG)#
#2025 12 11 16:42:19.799#Z#DEBUG#488502c8-d6b0-11f0-b96a-eeee0a9b9f4e.monitoring-dashboard-srv#flowable-async-job-executor-thread-3058#
[PollStageAppStatusExecution] 113816b9-3652-4c6b-aee6-9f7ae1199eee [2025-12-11T16:36:43.601372] Exit status 0 (STDOUT, STG)#
#2025 12 11 16:42:19.799#Z#DEBUG#488502c8-d6b0-11f0-b96a-eeee0a9b9f4e.monitoring-dashboard-srv#flowable-async-job-executor-thread-3058#
[PollStageAppStatusExecution] 113816b9-3652-4c6b-aee6-9f7ae1199eee [2025-12-11T16:36:43.601448] Uploading droplet, build artifacts cache... (STDOUT, STG)#
#2025 12 11 16:42:19.799#Z#DEBUG#488502c8-d6b0-11f0-b96a-eeee0a9b9f4e.monitoring-dashboard-srv#flowable-async-job-executor-thread-3058#
[PollStageAppStatusExecution] 113816b9-3652-4c6b-aee6-9f7ae1199eee [2025-12-11T16:36:43.601539] Uploading droplet... (STDOUT, STG)#
#2025 12 11 16:42:19.799#Z#DEBUG#488502c8-d6b0-11f0-b96a-eeee0a9b9f4e.monitoring-dashboard-srv#flowable-async-job-executor-thread-3058#
[PollStageAppStatusExecution] 113816b9-3652-4c6b-aee6-9f7ae1199eee [2025-12-11T16:36:43.601601] Uploading build artifacts cache... (STDOUT, STG)#
#2025 12 11 16:42:19.799#Z#DEBUG#488502c8-d6b0-11f0-b96a-eeee0a9b9f4e.monitoring-dashboard-srv#flowable-async-job-executor-thread-3058#
[PollStageAppStatusExecution] 113816b9-3652-4c6b-aee6-9f7ae1199eee [2025-12-11T16:36:43.624850] Uploaded build artifacts cache (224B) (STDOUT, STG)#
#2025 12 11 16:42:19.799#Z#DEBUG#488502c8-d6b0-11f0-b96a-eeee0a9b9f4e.monitoring-dashboard-srv#flowable-async-job-executor-thread-3058#
[PollStageAppStatusExecution] 113816b9-3652-4c6b-aee6-9f7ae1199eee [2025-12-11T16:36:44.195195] Creating droplet for app with guid 113816b9-3652-4c6b-aee6-9f7ae1199eee (STDOUT, API)#
#2025 12 11 16:42:19.799#Z#DEBUG#488502c8-d6b0-11f0-b96a-eeee0a9b9f4e.monitoring-dashboard-srv#flowable-async-job-executor-thread-3058#
[PollStageAppStatusExecution] 113816b9-3652-4c6b-aee6-9f7ae1199eee [2025-12-11T16:36:47.268063] Uploaded droplet (59.6M) (STDOUT, STG)#
#2025 12 11 16:42:19.799#Z#DEBUG#488502c8-d6b0-11f0-b96a-eeee0a9b9f4e.monitoring-dashboard-srv#flowable-async-job-executor-thread-3058#
[PollStageAppStatusExecution] 113816b9-3652-4c6b-aee6-9f7ae1199eee [2025-12-11T16:36:47.282214] Uploading complete (STDOUT, STG)#
#2025 12 11 16:42:19.799#Z#DEBUG#488502c8-d6b0-11f0-b96a-eeee0a9b9f4e.monitoring-dashboard-srv#flowable-async-job-executor-thread-3058#
[PollStageAppStatusExecution] 113816b9-3652-4c6b-aee6-9f7ae1199eee [2025-12-11T16:36:47.425529] Cell c839c7b1-088e-41af-b9b7-66256aacd457 stopping instance f82e685a-aa99-4f03-b339-8a7bc6682166 (STDOUT, STG)#
#2025 12 11 16:42:19.799#Z#DEBUG#488502c8-d6b0-11f0-b96a-eeee0a9b9f4e.monitoring-dashboard-srv#flowable-async-job-executor-thread-3058#
[PollStageAppStatusExecution] 113816b9-3652-4c6b-aee6-9f7ae1199eee [2025-12-11T16:36:47.425558] Cell c839c7b1-088e-41af-b9b7-66256aacd457 destroying container for instance f82e685a-aa99-4f03-b339-8a7bc6682166 (STDOUT, STG)#
#2025 12 11 16:42:19.799#Z#DEBUG#488502c8-d6b0-11f0-b96a-eeee0a9b9f4e.monitoring-dashboard-srv#flowable-async-job-executor-thread-3058#
[PollStageAppStatusExecution] 113816b9-3652-4c6b-aee6-9f7ae1199eee [2025-12-11T16:36:49.752032] Cell c839c7b1-088e-41af-b9b7-66256aacd457 successfully destroyed container for instance f82e685a-aa99-4f03-b339-8a7bc6682166 (STDOUT, STG)#
#2025 12 11 16:42:19.799#Z#DEBUG#488502c8-d6b0-11f0-b96a-eeee0a9b9f4e.monitoring-dashboard-srv#flowable-async-job-executor-thread-3058#
[PollStageAppStatusExecution] 113816b9-3652-4c6b-aee6-9f7ae1199eee [2025-12-11T16:36:57.579922] Updated app with guid 113816b9-3652-4c6b-aee6-9f7ae1199eee ({:droplet_guid=>"3b4a0c3a-eab1-4ab7-ad91-5db59939073c"}) (STDOUT, API)#
#2025 12 11 16:42:19.799#Z#DEBUG#488502c8-d6b0-11f0-b96a-eeee0a9b9f4e.monitoring-dashboard-srv#flowable-async-job-executor-thread-3058#
[PollStageAppStatusExecution] 113816b9-3652-4c6b-aee6-9f7ae1199eee [2025-12-11T16:36:57.910613] Creating revision for app with guid 113816b9-3652-4c6b-aee6-9f7ae1199eee (STDOUT, API)#
#2025 12 11 16:42:19.799#Z#DEBUG#488502c8-d6b0-11f0-b96a-eeee0a9b9f4e.monitoring-dashboard-srv#flowable-async-job-executor-thread-3058#
[PollStageAppStatusExecution] 113816b9-3652-4c6b-aee6-9f7ae1199eee [2025-12-11T16:36:57.948584] Starting app with guid 113816b9-3652-4c6b-aee6-9f7ae1199eee (STDOUT, API)#
#2025 12 11 16:42:19.799#Z#DEBUG#488502c8-d6b0-11f0-b96a-eeee0a9b9f4e.monitoring-dashboard-srv#flowable-async-job-executor-thread-3058#
[PollStageAppStatusExecution] 113816b9-3652-4c6b-aee6-9f7ae1199eee [2025-12-11T16:36:58.136721] Cell 684caff8-89cd-492b-be01-b3d0835f1763 creating container for instance c8712f6f-4eb7-400a-7011-5a97 (STDOUT, CELL)#
#2025 12 11 16:42:19.799#Z#DEBUG#488502c8-d6b0-11f0-b96a-eeee0a9b9f4e.monitoring-dashboard-srv#flowable-async-job-executor-thread-3058#
[PollStageAppStatusExecution] 113816b9-3652-4c6b-aee6-9f7ae1199eee [2025-12-11T16:36:58.956704] Security group rules were updated (STDOUT, CELL)#
#2025 12 11 16:42:19.799#Z#DEBUG#488502c8-d6b0-11f0-b96a-eeee0a9b9f4e.monitoring-dashboard-srv#flowable-async-job-executor-thread-3058#
[PollStageAppStatusExecution] 113816b9-3652-4c6b-aee6-9f7ae1199eee [2025-12-11T16:36:59.002770] Cell 684caff8-89cd-492b-be01-b3d0835f1763 successfully created container for instance c8712f6f-4eb7-400a-7011-5a97 (STDOUT, CELL)#
#2025 12 11 16:42:19.799#Z#DEBUG#488502c8-d6b0-11f0-b96a-eeee0a9b9f4e.monitoring-dashboard-srv#flowable-async-job-executor-thread-3058#
[PollStageAppStatusExecution] 113816b9-3652-4c6b-aee6-9f7ae1199eee [2025-12-11T16:36:59.235454] Downloading droplet... (STDOUT, CELL)#
#2025 12 11 16:42:19.799#Z#DEBUG#488502c8-d6b0-11f0-b96a-eeee0a9b9f4e.monitoring-dashboard-srv#flowable-async-job-executor-thread-3058#
[PollStageAppStatusExecution] 113816b9-3652-4c6b-aee6-9f7ae1199eee [2025-12-11T16:37:01.934532] Downloaded droplet (59.6M) (STDOUT, CELL)#
#2025 12 11 16:42:19.799#Z#DEBUG#488502c8-d6b0-11f0-b96a-eeee0a9b9f4e.monitoring-dashboard-srv#flowable-async-job-executor-thread-3058#
[PollStageAppStatusExecution] 113816b9-3652-4c6b-aee6-9f7ae1199eee [2025-12-11T16:37:01.934666] Starting health monitoring of container (STDOUT, CELL)#
#2025 12 11 16:42:19.799#Z#DEBUG#488502c8-d6b0-11f0-b96a-eeee0a9b9f4e.monitoring-dashboard-srv#flowable-async-job-executor-thread-3058#
[PollStageAppStatusExecution] 113816b9-3652-4c6b-aee6-9f7ae1199eee [2025-12-11T16:37:01.996796] Invoking pre-start scripts. (STDOUT, APP/PROC/WEB)#
#2025 12 11 16:42:19.799#Z#DEBUG#488502c8-d6b0-11f0-b96a-eeee0a9b9f4e.monitoring-dashboard-srv#flowable-async-job-executor-thread-3058#
[PollStageAppStatusExecution] 113816b9-3652-4c6b-aee6-9f7ae1199eee [2025-12-11T16:37:02.139659] Invoking start command. (STDOUT, APP/PROC/WEB)#
#2025 12 11 16:42:19.799#Z#DEBUG#488502c8-d6b0-11f0-b96a-eeee0a9b9f4e.monitoring-dashboard-srv#flowable-async-job-executor-thread-3058#
[PollStageAppStatusExecution] 113816b9-3652-4c6b-aee6-9f7ae1199eee [2025-12-11T16:37:02.451991] > monitoring-dashboard@1.0.0 start (STDOUT, APP/PROC/WEB)#
#2025 12 11 16:42:19.799#Z#DEBUG#488502c8-d6b0-11f0-b96a-eeee0a9b9f4e.monitoring-dashboard-srv#flowable-async-job-executor-thread-3058#
[PollStageAppStatusExecution] 113816b9-3652-4c6b-aee6-9f7ae1199eee [2025-12-11T16:37:02.452011] > cds-serve (STDOUT, APP/PROC/WEB)#
#2025 12 11 16:42:19.799#Z#DEBUG#488502c8-d6b0-11f0-b96a-eeee0a9b9f4e.monitoring-dashboard-srv#flowable-async-job-executor-thread-3058#
[PollStageAppStatusExecution] 113816b9-3652-4c6b-aee6-9f7ae1199eee [2025-12-11T16:37:02.642065] {"level":"info","logger":"cds","timestamp":"2025-12-11T16:37:02.640Z","layer":"cds","component_type":"application","container_id":"10.32.1.6","component_id":"113816b9-3652-4c6b-aee6-9f7ae1199eee","component_name":"monitoring-dashboard-srv","component_instance":0,"source_instance":0,"organization_name":"54a097c8trial","organization_id":"c48e55d0-221b-4f4b-99b6-2497275339d5","space_name":"dev","space_id":"b9c2d049-9aa6-438f-835c-baf40903f049","msg":"loaded model from 1 file(s):\n","type":"log"} (STDOUT, APP/PROC/WEB)#
#2025 12 11 16:42:19.799#Z#DEBUG#488502c8-d6b0-11f0-b96a-eeee0a9b9f4e.monitoring-dashboard-srv#flowable-async-job-executor-thread-3058#
[PollStageAppStatusExecution] 113816b9-3652-4c6b-aee6-9f7ae1199eee [2025-12-11T16:37:02.642269] srv/csn.json (STDOUT, APP/PROC/WEB)#
#2025 12 11 16:42:19.799#Z#DEBUG#488502c8-d6b0-11f0-b96a-eeee0a9b9f4e.monitoring-dashboard-srv#flowable-async-job-executor-thread-3058#
[PollStageAppStatusExecution] 113816b9-3652-4c6b-aee6-9f7ae1199eee [2025-12-11T16:37:02.791495] {"level":"info","logger":"cds","timestamp":"2025-12-11T16:37:02.790Z","layer":"cds","component_type":"application","container_id":"10.32.1.6","component_id":"113816b9-3652-4c6b-aee6-9f7ae1199eee","component_name":"monitoring-dashboard-srv","component_instance":0,"source_instance":0,"organization_name":"54a097c8trial","organization_id":"c48e55d0-221b-4f4b-99b6-2497275339d5","space_name":"dev","space_id":"b9c2d049-9aa6-438f-835c-baf40903f049","msg":"connect to db > hana {\n  database_id: '68a28006-0518-4b91-9c2c-8de535ca222c',\n  host: '68a28006-0518-4b91-9c2c-8de535ca222c.hna0.prod-us10.hanacloud.ondemand.com',\n  port: '443',\n  driver: 'com.sap.db.jdbc.Driver',\n  url: 'jdbc:sap://68a28006-0518-4b91-9c2c-8de535ca222c.hna0.prod-us10.hanacloud.ondemand.com:443?encrypt=true&validateCertificate=true&currentschema=85118567C3DC4948B9C11BF9F63C4418',\n  schema: '85118567C3DC4948B9C11BF9F63C4418',\n  certificate: '...',\n  hdi_user: '85118567C3DC4948B9C11BF9F63C4418_1EIWPHQU470C4SK8AR1ZWW8K7_DT',\n  hdi_password: '...',\n  user: '85118567C3DC4948B9C11BF9F63C4418_1EIWPHQU470C4SK8AR1ZWW8K7_RT',\n  password: '...'\n}","type":"log"} (STDOUT, APP/PROC/WEB)#
#2025 12 11 16:42:19.799#Z#DEBUG#488502c8-d6b0-11f0-b96a-eeee0a9b9f4e.monitoring-dashboard-srv#flowable-async-job-executor-thread-3058#
[PollStageAppStatusExecution] 113816b9-3652-4c6b-aee6-9f7ae1199eee [2025-12-11T16:37:02.814890] {"level":"info","logger":"cds","timestamp":"2025-12-11T16:37:02.814Z","layer":"cds","component_type":"application","container_id":"10.32.1.6","component_id":"113816b9-3652-4c6b-aee6-9f7ae1199eee","component_name":"monitoring-dashboard-srv","component_instance":0,"source_instance":0,"organization_name":"54a097c8trial","organization_id":"c48e55d0-221b-4f4b-99b6-2497275339d5","space_name":"dev","space_id":"b9c2d049-9aa6-438f-835c-baf40903f049","msg":"using auth strategy {\n  kind: 'dummy',\n  impl: 'node_modules/@sap/cds/lib/srv/middlewares/auth/dummy-auth.js'\n}","type":"log"} (STDOUT, APP/PROC/WEB)#
#2025 12 11 16:42:19.799#Z#DEBUG#488502c8-d6b0-11f0-b96a-eeee0a9b9f4e.monitoring-dashboard-srv#flowable-async-job-executor-thread-3058#
[PollStageAppStatusExecution] 113816b9-3652-4c6b-aee6-9f7ae1199eee [2025-12-11T16:37:02.834936] {"level":"info","logger":"cds","timestamp":"2025-12-11T16:37:02.834Z","layer":"cds","component_type":"application","container_id":"10.32.1.6","component_id":"113816b9-3652-4c6b-aee6-9f7ae1199eee","component_name":"monitoring-dashboard-srv","component_instance":0,"source_instance":0,"organization_name":"54a097c8trial","organization_id":"c48e55d0-221b-4f4b-99b6-2497275339d5","space_name":"dev","space_id":"b9c2d049-9aa6-438f-835c-baf40903f049","msg":"serving ErrorService {\n  at: [ '/error-service' ],\n  decl: 'srv/csn.json:3',\n  impl: 'node_modules/@sap/cds/srv/app-service.js'\n}","type":"log"} (STDOUT, APP/PROC/WEB)#
#2025 12 11 16:42:19.799#Z#DEBUG#488502c8-d6b0-11f0-b96a-eeee0a9b9f4e.monitoring-dashboard-srv#flowable-async-job-executor-thread-3058#
[PollStageAppStatusExecution] 113816b9-3652-4c6b-aee6-9f7ae1199eee [2025-12-11T16:37:02.839716] {"level":"info","logger":"cds","timestamp":"2025-12-11T16:37:02.839Z","layer":"cds","component_type":"application","container_id":"10.32.1.6","component_id":"113816b9-3652-4c6b-aee6-9f7ae1199eee","component_name":"monitoring-dashboard-srv","component_instance":0,"source_instance":0,"organization_name":"54a097c8trial","organization_id":"c48e55d0-221b-4f4b-99b6-2497275339d5","space_name":"dev","space_id":"b9c2d049-9aa6-438f-835c-baf40903f049","msg":"server listening on { url: 'http://localhost:8080' }","type":"log"} (STDOUT, APP/PROC/WEB)#
#2025 12 11 16:42:19.799#Z#DEBUG#488502c8-d6b0-11f0-b96a-eeee0a9b9f4e.monitoring-dashboard-srv#flowable-async-job-executor-thread-3058#
[PollStageAppStatusExecution] 113816b9-3652-4c6b-aee6-9f7ae1199eee [2025-12-11T16:37:02.840637] {"level":"info","logger":"cds","timestamp":"2025-12-11T16:37:02.840Z","layer":"cds","component_type":"application","container_id":"10.32.1.6","component_id":"113816b9-3652-4c6b-aee6-9f7ae1199eee","component_name":"monitoring-dashboard-srv","component_instance":0,"source_instance":0,"organization_name":"54a097c8trial","organization_id":"c48e55d0-221b-4f4b-99b6-2497275339d5","space_name":"dev","space_id":"b9c2d049-9aa6-438f-835c-baf40903f049","msg":"server v9.5.2 launched in 380 ms","type":"log"} (STDOUT, APP/PROC/WEB)#
#2025 12 11 16:42:19.799#Z#DEBUG#488502c8-d6b0-11f0-b96a-eeee0a9b9f4e.monitoring-dashboard-srv#flowable-async-job-executor-thread-3058#
[PollStageAppStatusExecution] 113816b9-3652-4c6b-aee6-9f7ae1199eee [2025-12-11T16:37:04.596100] Container became healthy (STDOUT, CELL)#
#2025 12 11 16:42:19.799#Z#DEBUG#488502c8-d6b0-11f0-b96a-eeee0a9b9f4e.monitoring-dashboard-srv#flowable-async-job-executor-thread-3058#
[PollStageAppStatusExecution] 113816b9-3652-4c6b-aee6-9f7ae1199eee [2025-12-11T16:37:04.619356] Process became ready with guid 113816b9-3652-4c6b-aee6-9f7ae1199eee payload: {"instance"=>"c8712f6f-4eb7-400a-7011-5a97", "index"=>0, "cell_id"=>"684caff8-89cd-492b-be01-b3d0835f1763", "ready"=>true, "version"=>"704ce2b6-74d7-4590-b25a-d74a380f21f6"} (STDOUT, API)#
#2025 12 11 16:42:19.799#Z#DEBUG#488502c8-d6b0-11f0-b96a-eeee0a9b9f4e.monitoring-dashboard-srv#flowable-async-job-executor-thread-3058#
[PollStageAppStatusExecution] 113816b9-3652-4c6b-aee6-9f7ae1199eee [2025-12-11T16:37:12.401410] 54a097c8trial-dev-monitoring-dashboard-srv.cfapps.us10-001.hana.ondemand.com - [2025-12-11T16:37:12.387308279Z] "GET / HTTP/2.0" 404 0 139 "-" "Mozilla/5.0 (Macintosh; Intel Mac OS X 10_15_7) AppleWebKit/537.36 (KHTML, like Gecko) Chrome/142.0.0.0 Safari/537.36" "10.0.72.1:11670" "10.32.1.6:61058" x_forwarded_for:"103.147.161.12, 10.0.72.1" x_forwarded_proto:"https" vcap_request_id:"22a902b7-b28c-4d52-5de1-9b88de91d050" response_time:0.013907 gorouter_time:0.000127 app_id:"113816b9-3652-4c6b-aee6-9f7ae1199eee" app_index:"0" instance_id:"c8712f6f-4eb7-400a-7011-5a97" failed_attempts:0 failed_attempts_time:"-" dns_time:0.000000 dial_time:0.000541 tls_time:0.006773 backend_time:0.013779 local_address:"10.0.65.8:2332" x_cf_routererror:"-" x_correlationid:"-" tenantid:"-" sap_passport:"-" x_scp_request_id:"06899db5-f4d4-4da3-bd32-9533eff519c0-693AF338-1D2C970" x_cf_app_instance:"-" x_forwarded_host:"-" x_custom_host:"-" x_ssl_client:"-" x_ssl_client_session_id:"-" x_ssl_client_verify:"-" x_ssl_client_subject_dn:"-" x_ssl_client_subject_cn:"-" x_ssl_client_issuer_dn:"-" x_ssl_client_notbefore:"-" x_ssl_client_notafter:"-" x_cf_forwarded_url:"-" traceparent:"-" true_client_ip:"-" x_cf_true_client_ip:"103.147.161.12" x_request_id:"-" x_b3_traceid:"22a902b7b28c4d525de19b88de91d050" x_b3_spanid:"5de19b88de91d050" x_b3_parentspanid:"-" b3:"22a902b7b28c4d525de19b88de91d050-5de19b88de91d050" (STDOUT, RTR)#
#2025 12 11 16:42:19.799#Z#DEBUG#488502c8-d6b0-11f0-b96a-eeee0a9b9f4e.monitoring-dashboard-srv#flowable-async-job-executor-thread-3058#
[PollStageAppStatusExecution] 113816b9-3652-4c6b-aee6-9f7ae1199eee [2025-12-11T16:37:33.847683] Cell 684caff8-89cd-492b-be01-b3d0835f1763 destroying container for instance de0b424f-b7b9-4b11-627d-927a (STDOUT, CELL)#
#2025 12 11 16:42:19.799#Z#DEBUG#488502c8-d6b0-11f0-b96a-eeee0a9b9f4e.monitoring-dashboard-srv#flowable-async-job-executor-thread-3058#
[PollStageAppStatusExecution] 113816b9-3652-4c6b-aee6-9f7ae1199eee [2025-12-11T16:37:33.961211] Exit status 137 (STDOUT, PROXY)#
#2025 12 11 16:42:19.799#Z#DEBUG#488502c8-d6b0-11f0-b96a-eeee0a9b9f4e.monitoring-dashboard-srv#flowable-async-job-executor-thread-3058#
[PollStageAppStatusExecution] 113816b9-3652-4c6b-aee6-9f7ae1199eee [2025-12-11T16:37:35.151686] Cell 684caff8-89cd-492b-be01-b3d0835f1763 successfully destroyed container for instance de0b424f-b7b9-4b11-627d-927a (STDOUT, CELL)#
#2025 12 11 16:42:19.799#Z#DEBUG#488502c8-d6b0-11f0-b96a-eeee0a9b9f4e.monitoring-dashboard-srv#flowable-async-job-executor-thread-3058#
[PollStageAppStatusExecution] 113816b9-3652-4c6b-aee6-9f7ae1199eee [2025-12-11T16:41:48.942953] Updated app with guid 113816b9-3652-4c6b-aee6-9f7ae1199eee ({"lifecycle"=>{"data"=>{"buildpacks"=>["nodejs_buildpack"]}, "type"=>"buildpack"}}) (STDOUT, API)#
#2025 12 11 16:42:19.799#Z#DEBUG#488502c8-d6b0-11f0-b96a-eeee0a9b9f4e.monitoring-dashboard-srv#flowable-async-job-executor-thread-3058#
[PollStageAppStatusExecution] 113816b9-3652-4c6b-aee6-9f7ae1199eee [2025-12-11T16:41:49.055182] Updating process: "web" (STDOUT, API)#
#2025 12 11 16:42:19.799#Z#DEBUG#488502c8-d6b0-11f0-b96a-eeee0a9b9f4e.monitoring-dashboard-srv#flowable-async-job-executor-thread-3058#
[PollStageAppStatusExecution] 113816b9-3652-4c6b-aee6-9f7ae1199eee [2025-12-11T16:41:59.343966] Uploading app package for app with guid 113816b9-3652-4c6b-aee6-9f7ae1199eee (STDOUT, API)#
#2025 12 11 16:42:19.799#Z#DEBUG#488502c8-d6b0-11f0-b96a-eeee0a9b9f4e.monitoring-dashboard-srv#flowable-async-job-executor-thread-3058#
[PollStageAppStatusExecution] 113816b9-3652-4c6b-aee6-9f7ae1199eee [2025-12-11T16:41:59.564185] Updated app with guid 113816b9-3652-4c6b-aee6-9f7ae1199eee ({"environment_variables"=>"[PRIVATE DATA HIDDEN]"}) (STDOUT, API)#
#2025 12 11 16:42:19.799#Z#DEBUG#488502c8-d6b0-11f0-b96a-eeee0a9b9f4e.monitoring-dashboard-srv#flowable-async-job-executor-thread-3058#
[PollStageAppStatusExecution] 113816b9-3652-4c6b-aee6-9f7ae1199eee [2025-12-11T16:42:09.909773] Stopping app with guid 113816b9-3652-4c6b-aee6-9f7ae1199eee (STDOUT, API)#
#2025 12 11 16:42:19.799#Z#DEBUG#488502c8-d6b0-11f0-b96a-eeee0a9b9f4e.monitoring-dashboard-srv#flowable-async-job-executor-thread-3058#
[PollStageAppStatusExecution] 113816b9-3652-4c6b-aee6-9f7ae1199eee [2025-12-11T16:42:09.943655] Cell 684caff8-89cd-492b-be01-b3d0835f1763 stopping instance c8712f6f-4eb7-400a-7011-5a97 (STDOUT, CELL)#
#2025 12 11 16:42:19.799#Z#DEBUG#488502c8-d6b0-11f0-b96a-eeee0a9b9f4e.monitoring-dashboard-srv#flowable-async-job-executor-thread-3058#
[PollStageAppStatusExecution] 113816b9-3652-4c6b-aee6-9f7ae1199eee [2025-12-11T16:42:10.232044] Creating build for app with guid 113816b9-3652-4c6b-aee6-9f7ae1199eee (STDOUT, API)#
#2025 12 11 16:42:19.799#Z#DEBUG#488502c8-d6b0-11f0-b96a-eeee0a9b9f4e.monitoring-dashboard-srv#flowable-async-job-executor-thread-3058#
[PollStageAppStatusExecution] 113816b9-3652-4c6b-aee6-9f7ae1199eee [2025-12-11T16:42:10.706335] Downloading nodejs_buildpack... (STDOUT, STG)#
#2025 12 11 16:42:19.799#Z#DEBUG#488502c8-d6b0-11f0-b96a-eeee0a9b9f4e.monitoring-dashboard-srv#flowable-async-job-executor-thread-3058#
[PollStageAppStatusExecution] 113816b9-3652-4c6b-aee6-9f7ae1199eee [2025-12-11T16:42:10.753014] Downloaded nodejs_buildpack (STDOUT, STG)#
#2025 12 11 16:42:19.799#Z#DEBUG#488502c8-d6b0-11f0-b96a-eeee0a9b9f4e.monitoring-dashboard-srv#flowable-async-job-executor-thread-3058#
[PollStageAppStatusExecution] 113816b9-3652-4c6b-aee6-9f7ae1199eee [2025-12-11T16:42:10.753084] Cell c839c7b1-088e-41af-b9b7-66256aacd457 creating container for instance 8475c2fa-3f98-4ff3-ab0d-446bea53d227 (STDOUT, STG)#
#2025 12 11 16:42:19.799#Z#DEBUG#488502c8-d6b0-11f0-b96a-eeee0a9b9f4e.monitoring-dashboard-srv#flowable-async-job-executor-thread-3058#
[PollStageAppStatusExecution] 113816b9-3652-4c6b-aee6-9f7ae1199eee [2025-12-11T16:42:11.096021] Security group rules were updated (STDOUT, STG)#
#2025 12 11 16:42:19.799#Z#DEBUG#488502c8-d6b0-11f0-b96a-eeee0a9b9f4e.monitoring-dashboard-srv#flowable-async-job-executor-thread-3058#
[PollStageAppStatusExecution] 113816b9-3652-4c6b-aee6-9f7ae1199eee [2025-12-11T16:42:11.154546] Cell c839c7b1-088e-41af-b9b7-66256aacd457 successfully created container for instance 8475c2fa-3f98-4ff3-ab0d-446bea53d227 (STDOUT, STG)#
#2025 12 11 16:42:19.799#Z#DEBUG#488502c8-d6b0-11f0-b96a-eeee0a9b9f4e.monitoring-dashboard-srv#flowable-async-job-executor-thread-3058#
[PollStageAppStatusExecution] 113816b9-3652-4c6b-aee6-9f7ae1199eee [2025-12-11T16:42:11.253651] Downloading build artifacts cache... (STDOUT, STG)#
#2025 12 11 16:42:19.799#Z#DEBUG#488502c8-d6b0-11f0-b96a-eeee0a9b9f4e.monitoring-dashboard-srv#flowable-async-job-executor-thread-3058#
[PollStageAppStatusExecution] 113816b9-3652-4c6b-aee6-9f7ae1199eee [2025-12-11T16:42:11.253665] Downloading app package... (STDOUT, STG)#
#2025 12 11 16:42:19.799#Z#DEBUG#488502c8-d6b0-11f0-b96a-eeee0a9b9f4e.monitoring-dashboard-srv#flowable-async-job-executor-thread-3058#
[PollStageAppStatusExecution] 113816b9-3652-4c6b-aee6-9f7ae1199eee [2025-12-11T16:42:11.332283] Downloaded build artifacts cache (224B) (STDOUT, STG)#
#2025 12 11 16:42:19.799#Z#DEBUG#488502c8-d6b0-11f0-b96a-eeee0a9b9f4e.monitoring-dashboard-srv#flowable-async-job-executor-thread-3058#
[PollStageAppStatusExecution] 113816b9-3652-4c6b-aee6-9f7ae1199eee [2025-12-11T16:42:11.664611] Downloaded app package (3.2M) (STDOUT, STG)#
#2025 12 11 16:42:19.799#Z#DEBUG#488502c8-d6b0-11f0-b96a-eeee0a9b9f4e.monitoring-dashboard-srv#flowable-async-job-executor-thread-3058#
[PollStageAppStatusExecution] 113816b9-3652-4c6b-aee6-9f7ae1199eee [2025-12-11T16:42:11.722205] -----> Nodejs Buildpack version 1.8.39 (STDOUT, STG)#
#2025 12 11 16:42:19.799#Z#DEBUG#488502c8-d6b0-11f0-b96a-eeee0a9b9f4e.monitoring-dashboard-srv#flowable-async-job-executor-thread-3058#
[PollStageAppStatusExecution] 113816b9-3652-4c6b-aee6-9f7ae1199eee [2025-12-11T16:42:11.828355] -----> Bootstrapping python (STDOUT, STG)#
#2025 12 11 16:42:19.799#Z#DEBUG#488502c8-d6b0-11f0-b96a-eeee0a9b9f4e.monitoring-dashboard-srv#flowable-async-job-executor-thread-3058#
[PollStageAppStatusExecution] 113816b9-3652-4c6b-aee6-9f7ae1199eee [2025-12-11T16:42:11.828375] -----> Installing python 3.11.13 (STDOUT, STG)#
#2025 12 11 16:42:19.799#Z#DEBUG#488502c8-d6b0-11f0-b96a-eeee0a9b9f4e.monitoring-dashboard-srv#flowable-async-job-executor-thread-3058#
[PollStageAppStatusExecution] 113816b9-3652-4c6b-aee6-9f7ae1199eee [2025-12-11T16:42:11.828428] Copy [/tmp/buildpacks/5c86f85b4142c4b7/dependencies/28094bfda36b8c744219390b5b628ee3/python_3.11.13_linux_x64_cflinuxfs4_49160849.tgz] (STDOUT, STG)#
#2025 12 11 16:42:19.799#Z#DEBUG#488502c8-d6b0-11f0-b96a-eeee0a9b9f4e.monitoring-dashboard-srv#flowable-async-job-executor-thread-3058#
[PollStageAppStatusExecution] 113816b9-3652-4c6b-aee6-9f7ae1199eee [2025-12-11T16:42:14.645558] -----> Installing binaries (STDOUT, STG)#
#2025 12 11 16:42:19.799#Z#DEBUG#488502c8-d6b0-11f0-b96a-eeee0a9b9f4e.monitoring-dashboard-srv#flowable-async-job-executor-thread-3058#
[PollStageAppStatusExecution] 113816b9-3652-4c6b-aee6-9f7ae1199eee [2025-12-11T16:42:14.645640] engines.node (package.json): >=20 (STDOUT, STG)#
#2025 12 11 16:42:19.799#Z#DEBUG#488502c8-d6b0-11f0-b96a-eeee0a9b9f4e.monitoring-dashboard-srv#flowable-async-job-executor-thread-3058#
[PollStageAppStatusExecution] 113816b9-3652-4c6b-aee6-9f7ae1199eee [2025-12-11T16:42:14.645659] engines.npm (package.json): unspecified (use default) (STDOUT, STG)#
#2025 12 11 16:42:19.799#Z#DEBUG#488502c8-d6b0-11f0-b96a-eeee0a9b9f4e.monitoring-dashboard-srv#flowable-async-job-executor-thread-3058#
[PollStageAppStatusExecution] 113816b9-3652-4c6b-aee6-9f7ae1199eee [2025-12-11T16:42:14.645673] [31;1m**WARNING**[0m Dangerous semver range (>) in engines.node. See: http://docs.cloudfoundry.org/buildpacks/node/node-tips.html (STDOUT, STG)#
#2025 12 11 16:42:19.799#Z#DEBUG#488502c8-d6b0-11f0-b96a-eeee0a9b9f4e.monitoring-dashboard-srv#flowable-async-job-executor-thread-3058#
[PollStageAppStatusExecution] 113816b9-3652-4c6b-aee6-9f7ae1199eee [2025-12-11T16:42:14.645754] -----> Installing node 24.3.0 (STDOUT, STG)#
#2025 12 11 16:42:19.799#Z#DEBUG#488502c8-d6b0-11f0-b96a-eeee0a9b9f4e.monitoring-dashboard-srv#flowable-async-job-executor-thread-3058#
[PollStageAppStatusExecution] 113816b9-3652-4c6b-aee6-9f7ae1199eee [2025-12-11T16:42:14.645922] Copy [/tmp/buildpacks/5c86f85b4142c4b7/dependencies/54b65851559bd58ad3fd2aac68936cd9/node_24.3.0_linux_x64_cflinuxfs4_b6ec3828.tgz] (STDOUT, STG)#
#2025 12 11 16:42:19.799#Z#DEBUG#488502c8-d6b0-11f0-b96a-eeee0a9b9f4e.monitoring-dashboard-srv#flowable-async-job-executor-thread-3058#
[PollStageAppStatusExecution] 113816b9-3652-4c6b-aee6-9f7ae1199eee [2025-12-11T16:42:16.413081] Using default npm version: 11.4.2 (STDOUT, STG)#
#2025 12 11 16:42:19.799#Z#DEBUG#488502c8-d6b0-11f0-b96a-eeee0a9b9f4e.monitoring-dashboard-srv#flowable-async-job-executor-thread-3058#
[PollStageAppStatusExecution] 113816b9-3652-4c6b-aee6-9f7ae1199eee [2025-12-11T16:42:16.413113] -----> Installing yarn 1.22.22 (STDOUT, STG)#
#2025 12 11 16:42:19.799#Z#DEBUG#488502c8-d6b0-11f0-b96a-eeee0a9b9f4e.monitoring-dashboard-srv#flowable-async-job-executor-thread-3058#
[PollStageAppStatusExecution] 113816b9-3652-4c6b-aee6-9f7ae1199eee [2025-12-11T16:42:16.413227] Copy [/tmp/buildpacks/5c86f85b4142c4b7/dependencies/ff849eb7696d3a7f463752a272c9a88e/yarn_1.22.22_linux_noarch_any-stack_83bda680.tgz] (STDOUT, STG)#
#2025 12 11 16:42:19.799#Z#DEBUG#488502c8-d6b0-11f0-b96a-eeee0a9b9f4e.monitoring-dashboard-srv#flowable-async-job-executor-thread-3058#
[PollStageAppStatusExecution] 113816b9-3652-4c6b-aee6-9f7ae1199eee [2025-12-11T16:42:16.658590] Installed yarn 1.22.22 (STDOUT, STG)#
#2025 12 11 16:42:19.799#Z#DEBUG#488502c8-d6b0-11f0-b96a-eeee0a9b9f4e.monitoring-dashboard-srv#flowable-async-job-executor-thread-3058#
[PollStageAppStatusExecution] 113816b9-3652-4c6b-aee6-9f7ae1199eee [2025-12-11T16:42:16.658609] -----> Creating runtime environment (STDOUT, STG)#
#2025 12 11 16:42:19.799#Z#DEBUG#488502c8-d6b0-11f0-b96a-eeee0a9b9f4e.monitoring-dashboard-srv#flowable-async-job-executor-thread-3058#
[PollStageAppStatusExecution] 113816b9-3652-4c6b-aee6-9f7ae1199eee [2025-12-11T16:42:16.659852] NODE_ENV=production (STDOUT, STG)#
#2025 12 11 16:42:19.799#Z#DEBUG#488502c8-d6b0-11f0-b96a-eeee0a9b9f4e.monitoring-dashboard-srv#flowable-async-job-executor-thread-3058#
[PollStageAppStatusExecution] 113816b9-3652-4c6b-aee6-9f7ae1199eee [2025-12-11T16:42:16.659867] NODE_HOME=/tmp/contents1570289453/deps/0/node (STDOUT, STG)#
#2025 12 11 16:42:19.799#Z#DEBUG#488502c8-d6b0-11f0-b96a-eeee0a9b9f4e.monitoring-dashboard-srv#flowable-async-job-executor-thread-3058#
[PollStageAppStatusExecution] 113816b9-3652-4c6b-aee6-9f7ae1199eee [2025-12-11T16:42:16.659869] NODE_MODULES_CACHE=true (STDOUT, STG)#
#2025 12 11 16:42:19.799#Z#DEBUG#488502c8-d6b0-11f0-b96a-eeee0a9b9f4e.monitoring-dashboard-srv#flowable-async-job-executor-thread-3058#
[PollStageAppStatusExecution] 113816b9-3652-4c6b-aee6-9f7ae1199eee [2025-12-11T16:42:16.659871] NODE_VERBOSE=false (STDOUT, STG)#
#2025 12 11 16:42:19.799#Z#DEBUG#488502c8-d6b0-11f0-b96a-eeee0a9b9f4e.monitoring-dashboard-srv#flowable-async-job-executor-thread-3058#
[PollStageAppStatusExecution] 113816b9-3652-4c6b-aee6-9f7ae1199eee [2025-12-11T16:42:16.659873] NPM_CONFIG_LOGLEVEL=error (STDOUT, STG)#
#2025 12 11 16:42:19.799#Z#DEBUG#488502c8-d6b0-11f0-b96a-eeee0a9b9f4e.monitoring-dashboard-srv#flowable-async-job-executor-thread-3058#
[PollStageAppStatusExecution] 113816b9-3652-4c6b-aee6-9f7ae1199eee [2025-12-11T16:42:16.659875] NPM_CONFIG_PRODUCTION=true (STDOUT, STG)#
#2025 12 11 16:42:19.799#Z#DEBUG#488502c8-d6b0-11f0-b96a-eeee0a9b9f4e.monitoring-dashboard-srv#flowable-async-job-executor-thread-3058#
[PollStageAppStatusExecution] 113816b9-3652-4c6b-aee6-9f7ae1199eee [2025-12-11T16:42:16.659884] -----> Building dependencies (STDOUT, STG)#
#2025 12 11 16:42:19.799#Z#DEBUG#488502c8-d6b0-11f0-b96a-eeee0a9b9f4e.monitoring-dashboard-srv#flowable-async-job-executor-thread-3058#
[PollStageAppStatusExecution] 113816b9-3652-4c6b-aee6-9f7ae1199eee [2025-12-11T16:42:16.659886] Prebuild detected (node_modules already exists) (STDOUT, STG)#
#2025 12 11 16:42:19.799#Z#DEBUG#488502c8-d6b0-11f0-b96a-eeee0a9b9f4e.monitoring-dashboard-srv#flowable-async-job-executor-thread-3058#
[PollStageAppStatusExecution] 113816b9-3652-4c6b-aee6-9f7ae1199eee [2025-12-11T16:42:16.660006] Rebuilding any native modules (STDOUT, STG)#
#2025 12 11 16:42:19.799#Z#DEBUG#488502c8-d6b0-11f0-b96a-eeee0a9b9f4e.monitoring-dashboard-srv#flowable-async-job-executor-thread-3058#
[PollStageAppStatusExecution] 113816b9-3652-4c6b-aee6-9f7ae1199eee [2025-12-11T16:42:17.158787] rebuilt dependencies successfully (STDOUT, STG)#
#2025 12 11 16:42:19.799#Z#DEBUG#488502c8-d6b0-11f0-b96a-eeee0a9b9f4e.monitoring-dashboard-srv#flowable-async-job-executor-thread-3058#
[PollStageAppStatusExecution] 113816b9-3652-4c6b-aee6-9f7ae1199eee [2025-12-11T16:42:17.211622] Installing any new modules (package.json + package-lock.json) (STDOUT, STG)#
#2025 12 11 16:42:19.799#Z#DEBUG#488502c8-d6b0-11f0-b96a-eeee0a9b9f4e.monitoring-dashboard-srv#flowable-async-job-executor-thread-3058#
[PollStageAppStatusExecution] 113816b9-3652-4c6b-aee6-9f7ae1199eee [2025-12-11T16:42:17.719573] up to date in 452ms (STDOUT, STG)#
#2025 12 11 16:42:19.799#Z#DEBUG#488502c8-d6b0-11f0-b96a-eeee0a9b9f4e.monitoring-dashboard-srv#flowable-async-job-executor-thread-3058#
[PollStageAppStatusExecution] 113816b9-3652-4c6b-aee6-9f7ae1199eee [2025-12-11T16:42:17.719667] 17 packages are looking for funding (STDOUT, STG)#
#2025 12 11 16:42:19.799#Z#DEBUG#488502c8-d6b0-11f0-b96a-eeee0a9b9f4e.monitoring-dashboard-srv#flowable-async-job-executor-thread-3058#
[PollStageAppStatusExecution] 113816b9-3652-4c6b-aee6-9f7ae1199eee [2025-12-11T16:42:17.719685] run `npm fund` for details (STDOUT, STG)#
#2025 12 11 16:42:19.799#Z#DEBUG#488502c8-d6b0-11f0-b96a-eeee0a9b9f4e.monitoring-dashboard-srv#flowable-async-job-executor-thread-3058#
[PollStageAppStatusExecution] 113816b9-3652-4c6b-aee6-9f7ae1199eee [2025-12-11T16:42:18.148373] Contrast Security no credentials found. Will not write environment files. (STDOUT, STG)#
#2025 12 11 16:42:29.539#Z#DEBUG#488502c8-d6b0-11f0-b96a-eeee0a9b9f4e.monitoring-dashboard-srv#flowable-async-job-executor-thread-1772#
[PollStageAppStatusExecution] 113816b9-3652-4c6b-aee6-9f7ae1199eee [2025-12-11T16:42:25.897432] Exit status 0 (STDOUT, STG)#
#2025 12 11 16:42:29.539#Z#DEBUG#488502c8-d6b0-11f0-b96a-eeee0a9b9f4e.monitoring-dashboard-srv#flowable-async-job-executor-thread-1772#
[PollStageAppStatusExecution] 113816b9-3652-4c6b-aee6-9f7ae1199eee [2025-12-11T16:42:25.897482] Uploading droplet, build artifacts cache... (STDOUT, STG)#
#2025 12 11 16:42:29.539#Z#DEBUG#488502c8-d6b0-11f0-b96a-eeee0a9b9f4e.monitoring-dashboard-srv#flowable-async-job-executor-thread-1772#
[PollStageAppStatusExecution] 113816b9-3652-4c6b-aee6-9f7ae1199eee [2025-12-11T16:42:25.897536] Uploading build artifacts cache... (STDOUT, STG)#
#2025 12 11 16:42:29.539#Z#DEBUG#488502c8-d6b0-11f0-b96a-eeee0a9b9f4e.monitoring-dashboard-srv#flowable-async-job-executor-thread-1772#
[PollStageAppStatusExecution] 113816b9-3652-4c6b-aee6-9f7ae1199eee [2025-12-11T16:42:25.897542] Uploading droplet... (STDOUT, STG)#
#2025 12 11 16:42:29.539#Z#DEBUG#488502c8-d6b0-11f0-b96a-eeee0a9b9f4e.monitoring-dashboard-srv#flowable-async-job-executor-thread-1772#
[PollStageAppStatusExecution] 113816b9-3652-4c6b-aee6-9f7ae1199eee [2025-12-11T16:42:25.914004] Uploaded build artifacts cache (224B) (STDOUT, STG)#
#2025 12 11 16:42:29.539#Z#DEBUG#488502c8-d6b0-11f0-b96a-eeee0a9b9f4e.monitoring-dashboard-srv#flowable-async-job-executor-thread-1772#
[PollStageAppStatusExecution] 113816b9-3652-4c6b-aee6-9f7ae1199eee [2025-12-11T16:42:26.407643] Creating droplet for app with guid 113816b9-3652-4c6b-aee6-9f7ae1199eee (STDOUT, API)#
#2025 12 11 16:42:29.539#Z#DEBUG#488502c8-d6b0-11f0-b96a-eeee0a9b9f4e.monitoring-dashboard-srv#flowable-async-job-executor-thread-1772#
[PollStageAppStatusExecution] 113816b9-3652-4c6b-aee6-9f7ae1199eee [2025-12-11T16:42:28.474360] Uploaded droplet (59.6M) (STDOUT, STG)#
#2025 12 11 16:42:29.539#Z#DEBUG#488502c8-d6b0-11f0-b96a-eeee0a9b9f4e.monitoring-dashboard-srv#flowable-async-job-executor-thread-1772#
[PollStageAppStatusExecution] 113816b9-3652-4c6b-aee6-9f7ae1199eee [2025-12-11T16:42:28.489200] Uploading complete (STDOUT, STG)#
#2025 12 11 16:42:29.539#Z#DEBUG#488502c8-d6b0-11f0-b96a-eeee0a9b9f4e.monitoring-dashboard-srv#flowable-async-job-executor-thread-1772#
[PollStageAppStatusExecution] 113816b9-3652-4c6b-aee6-9f7ae1199eee [2025-12-11T16:42:28.596080] Cell c839c7b1-088e-41af-b9b7-66256aacd457 stopping instance 8475c2fa-3f98-4ff3-ab0d-446bea53d227 (STDOUT, STG)#
#2025 12 11 16:42:29.539#Z#DEBUG#488502c8-d6b0-11f0-b96a-eeee0a9b9f4e.monitoring-dashboard-srv#flowable-async-job-executor-thread-1772#
[PollStageAppStatusExecution] 113816b9-3652-4c6b-aee6-9f7ae1199eee [2025-12-11T16:42:28.596123] Cell c839c7b1-088e-41af-b9b7-66256aacd457 destroying container for instance 8475c2fa-3f98-4ff3-ab0d-446bea53d227 (STDOUT, STG)#
#2025 12 11 16:42:39.569#Z#DEBUG#488502c8-d6b0-11f0-b96a-eeee0a9b9f4e.monitoring-dashboard-srv#flowable-async-job-executor-thread-1781#
[PollStartAppStatusExecution] 113816b9-3652-4c6b-aee6-9f7ae1199eee [2025-12-11T16:42:29.630336] Updated app with guid 113816b9-3652-4c6b-aee6-9f7ae1199eee ({:droplet_guid=>"39792fad-c3a9-43c6-83e5-6e50d6a37a46"}) (STDOUT, API)#
#2025 12 11 16:42:39.569#Z#DEBUG#488502c8-d6b0-11f0-b96a-eeee0a9b9f4e.monitoring-dashboard-srv#flowable-async-job-executor-thread-1781#
[PollStartAppStatusExecution] 113816b9-3652-4c6b-aee6-9f7ae1199eee [2025-12-11T16:42:29.881913] Creating revision for app with guid 113816b9-3652-4c6b-aee6-9f7ae1199eee (STDOUT, API)#
#2025 12 11 16:42:39.569#Z#DEBUG#488502c8-d6b0-11f0-b96a-eeee0a9b9f4e.monitoring-dashboard-srv#flowable-async-job-executor-thread-1781#
[PollStartAppStatusExecution] 113816b9-3652-4c6b-aee6-9f7ae1199eee [2025-12-11T16:42:29.918014] Starting app with guid 113816b9-3652-4c6b-aee6-9f7ae1199eee (STDOUT, API)#
#2025 12 11 16:42:39.569#Z#DEBUG#488502c8-d6b0-11f0-b96a-eeee0a9b9f4e.monitoring-dashboard-srv#flowable-async-job-executor-thread-1781#
[PollStartAppStatusExecution] 113816b9-3652-4c6b-aee6-9f7ae1199eee [2025-12-11T16:42:30.104015] Cell 684caff8-89cd-492b-be01-b3d0835f1763 creating container for instance 9711fe1c-5c2e-4542-7815-8eb5 (STDOUT, CELL)#
#2025 12 11 16:42:39.569#Z#DEBUG#488502c8-d6b0-11f0-b96a-eeee0a9b9f4e.monitoring-dashboard-srv#flowable-async-job-executor-thread-1781#
[PollStartAppStatusExecution] 113816b9-3652-4c6b-aee6-9f7ae1199eee [2025-12-11T16:42:30.469451] Security group rules were updated (STDOUT, CELL)#
#2025 12 11 16:42:39.569#Z#DEBUG#488502c8-d6b0-11f0-b96a-eeee0a9b9f4e.monitoring-dashboard-srv#flowable-async-job-executor-thread-1781#
[PollStartAppStatusExecution] 113816b9-3652-4c6b-aee6-9f7ae1199eee [2025-12-11T16:42:30.494] Cell c839c7b1-088e-41af-b9b7-66256aacd457 successfully destroyed container for instance 8475c2fa-3f98-4ff3-ab0d-446bea53d227 (STDOUT, STG)#
#2025 12 11 16:42:39.569#Z#DEBUG#488502c8-d6b0-11f0-b96a-eeee0a9b9f4e.monitoring-dashboard-srv#flowable-async-job-executor-thread-1781#
[PollStartAppStatusExecution] 113816b9-3652-4c6b-aee6-9f7ae1199eee [2025-12-11T16:42:30.522450] Cell 684caff8-89cd-492b-be01-b3d0835f1763 successfully created container for instance 9711fe1c-5c2e-4542-7815-8eb5 (STDOUT, CELL)#
#2025 12 11 16:42:39.569#Z#DEBUG#488502c8-d6b0-11f0-b96a-eeee0a9b9f4e.monitoring-dashboard-srv#flowable-async-job-executor-thread-1781#
[PollStartAppStatusExecution] 113816b9-3652-4c6b-aee6-9f7ae1199eee [2025-12-11T16:42:30.721239] Downloading droplet... (STDOUT, CELL)#
#2025 12 11 16:42:39.569#Z#DEBUG#488502c8-d6b0-11f0-b96a-eeee0a9b9f4e.monitoring-dashboard-srv#flowable-async-job-executor-thread-1781#
[PollStartAppStatusExecution] 113816b9-3652-4c6b-aee6-9f7ae1199eee [2025-12-11T16:42:33.515567] Downloaded droplet (59.6M) (STDOUT, CELL)#
#2025 12 11 16:42:39.569#Z#DEBUG#488502c8-d6b0-11f0-b96a-eeee0a9b9f4e.monitoring-dashboard-srv#flowable-async-job-executor-thread-1781#
[PollStartAppStatusExecution] 113816b9-3652-4c6b-aee6-9f7ae1199eee [2025-12-11T16:42:33.515737] Starting health monitoring of container (STDOUT, CELL)#
#2025 12 11 16:42:39.569#Z#DEBUG#488502c8-d6b0-11f0-b96a-eeee0a9b9f4e.monitoring-dashboard-srv#flowable-async-job-executor-thread-1781#
[PollStartAppStatusExecution] 113816b9-3652-4c6b-aee6-9f7ae1199eee [2025-12-11T16:42:33.579290] Invoking pre-start scripts. (STDOUT, APP/PROC/WEB)#
#2025 12 11 16:42:39.569#Z#DEBUG#488502c8-d6b0-11f0-b96a-eeee0a9b9f4e.monitoring-dashboard-srv#flowable-async-job-executor-thread-1781#
[PollStartAppStatusExecution] 113816b9-3652-4c6b-aee6-9f7ae1199eee [2025-12-11T16:42:33.723765] Invoking start command. (STDOUT, APP/PROC/WEB)#
#2025 12 11 16:42:39.569#Z#DEBUG#488502c8-d6b0-11f0-b96a-eeee0a9b9f4e.monitoring-dashboard-srv#flowable-async-job-executor-thread-1781#
[PollStartAppStatusExecution] 113816b9-3652-4c6b-aee6-9f7ae1199eee [2025-12-11T16:42:34.027131] > monitoring-dashboard@1.0.0 start (STDOUT, APP/PROC/WEB)#
#2025 12 11 16:42:39.569#Z#DEBUG#488502c8-d6b0-11f0-b96a-eeee0a9b9f4e.monitoring-dashboard-srv#flowable-async-job-executor-thread-1781#
[PollStartAppStatusExecution] 113816b9-3652-4c6b-aee6-9f7ae1199eee [2025-12-11T16:42:34.027154] > cds-serve (STDOUT, APP/PROC/WEB)#
#2025 12 11 16:42:39.569#Z#DEBUG#488502c8-d6b0-11f0-b96a-eeee0a9b9f4e.monitoring-dashboard-srv#flowable-async-job-executor-thread-1781#
[PollStartAppStatusExecution] 113816b9-3652-4c6b-aee6-9f7ae1199eee [2025-12-11T16:42:34.210405] {"level":"info","logger":"cds","timestamp":"2025-12-11T16:42:34.209Z","layer":"cds","component_type":"application","container_id":"10.32.1.6","component_id":"113816b9-3652-4c6b-aee6-9f7ae1199eee","component_name":"monitoring-dashboard-srv","component_instance":0,"source_instance":0,"organization_name":"54a097c8trial","organization_id":"c48e55d0-221b-4f4b-99b6-2497275339d5","space_name":"dev","space_id":"b9c2d049-9aa6-438f-835c-baf40903f049","msg":"loaded model from 1 file(s):\n","type":"log"} (STDOUT, APP/PROC/WEB)#
#2025 12 11 16:42:39.569#Z#DEBUG#488502c8-d6b0-11f0-b96a-eeee0a9b9f4e.monitoring-dashboard-srv#flowable-async-job-executor-thread-1781#
[PollStartAppStatusExecution] 113816b9-3652-4c6b-aee6-9f7ae1199eee [2025-12-11T16:42:34.210587] srv/csn.json (STDOUT, APP/PROC/WEB)#
#2025 12 11 16:42:39.569#Z#DEBUG#488502c8-d6b0-11f0-b96a-eeee0a9b9f4e.monitoring-dashboard-srv#flowable-async-job-executor-thread-1781#
[PollStartAppStatusExecution] 113816b9-3652-4c6b-aee6-9f7ae1199eee [2025-12-11T16:42:34.357889] {"level":"info","logger":"cds","timestamp":"2025-12-11T16:42:34.357Z","layer":"cds","component_type":"application","container_id":"10.32.1.6","component_id":"113816b9-3652-4c6b-aee6-9f7ae1199eee","component_name":"monitoring-dashboard-srv","component_instance":0,"source_instance":0,"organization_name":"54a097c8trial","organization_id":"c48e55d0-221b-4f4b-99b6-2497275339d5","space_name":"dev","space_id":"b9c2d049-9aa6-438f-835c-baf40903f049","msg":"connect to db > hana {\n  database_id: '68a28006-0518-4b91-9c2c-8de535ca222c',\n  host: '68a28006-0518-4b91-9c2c-8de535ca222c.hna0.prod-us10.hanacloud.ondemand.com',\n  port: '443',\n  driver: 'com.sap.db.jdbc.Driver',\n  url: 'jdbc:sap://68a28006-0518-4b91-9c2c-8de535ca222c.hna0.prod-us10.hanacloud.ondemand.com:443?encrypt=true&validateCertificate=true&currentschema=85118567C3DC4948B9C11BF9F63C4418',\n  schema: '85118567C3DC4948B9C11BF9F63C4418',\n  certificate: '...',\n  hdi_user: '85118567C3DC4948B9C11BF9F63C4418_1EIWPHQU470C4SK8AR1ZWW8K7_DT',\n  hdi_password: '...',\n  user: '85118567C3DC4948B9C11BF9F63C4418_1EIWPHQU470C4SK8AR1ZWW8K7_RT',\n  password: '...'\n}","type":"log"} (STDOUT, APP/PROC/WEB)#
#2025 12 11 16:42:39.569#Z#DEBUG#488502c8-d6b0-11f0-b96a-eeee0a9b9f4e.monitoring-dashboard-srv#flowable-async-job-executor-thread-1781#
[PollStartAppStatusExecution] 113816b9-3652-4c6b-aee6-9f7ae1199eee [2025-12-11T16:42:34.380485] {"level":"info","logger":"cds","timestamp":"2025-12-11T16:42:34.380Z","layer":"cds","component_type":"application","container_id":"10.32.1.6","component_id":"113816b9-3652-4c6b-aee6-9f7ae1199eee","component_name":"monitoring-dashboard-srv","component_instance":0,"source_instance":0,"organization_name":"54a097c8trial","organization_id":"c48e55d0-221b-4f4b-99b6-2497275339d5","space_name":"dev","space_id":"b9c2d049-9aa6-438f-835c-baf40903f049","msg":"using auth strategy {\n  kind: 'dummy',\n  impl: 'node_modules/@sap/cds/lib/srv/middlewares/auth/dummy-auth.js'\n}","type":"log"} (STDOUT, APP/PROC/WEB)#
#2025 12 11 16:42:39.569#Z#DEBUG#488502c8-d6b0-11f0-b96a-eeee0a9b9f4e.monitoring-dashboard-srv#flowable-async-job-executor-thread-1781#
[PollStartAppStatusExecution] 113816b9-3652-4c6b-aee6-9f7ae1199eee [2025-12-11T16:42:34.400106] {"level":"info","logger":"cds","timestamp":"2025-12-11T16:42:34.399Z","layer":"cds","component_type":"application","container_id":"10.32.1.6","component_id":"113816b9-3652-4c6b-aee6-9f7ae1199eee","component_name":"monitoring-dashboard-srv","component_instance":0,"source_instance":0,"organization_name":"54a097c8trial","organization_id":"c48e55d0-221b-4f4b-99b6-2497275339d5","space_name":"dev","space_id":"b9c2d049-9aa6-438f-835c-baf40903f049","msg":"serving ErrorService {\n  at: [ '/error-service' ],\n  decl: 'srv/csn.json:3',\n  impl: 'node_modules/@sap/cds/srv/app-service.js'\n}","type":"log"} (STDOUT, APP/PROC/WEB)#
#2025 12 11 16:42:39.569#Z#DEBUG#488502c8-d6b0-11f0-b96a-eeee0a9b9f4e.monitoring-dashboard-srv#flowable-async-job-executor-thread-1781#
[PollStartAppStatusExecution] 113816b9-3652-4c6b-aee6-9f7ae1199eee [2025-12-11T16:42:34.404332] {"level":"info","logger":"cds","timestamp":"2025-12-11T16:42:34.404Z","layer":"cds","component_type":"application","container_id":"10.32.1.6","component_id":"113816b9-3652-4c6b-aee6-9f7ae1199eee","component_name":"monitoring-dashboard-srv","component_instance":0,"source_instance":0,"organization_name":"54a097c8trial","organization_id":"c48e55d0-221b-4f4b-99b6-2497275339d5","space_name":"dev","space_id":"b9c2d049-9aa6-438f-835c-baf40903f049","msg":"server listening on { url: 'http://localhost:8080' }","type":"log"} (STDOUT, APP/PROC/WEB)#
#2025 12 11 16:42:39.569#Z#DEBUG#488502c8-d6b0-11f0-b96a-eeee0a9b9f4e.monitoring-dashboard-srv#flowable-async-job-executor-thread-1781#
[PollStartAppStatusExecution] 113816b9-3652-4c6b-aee6-9f7ae1199eee [2025-12-11T16:42:34.405577] {"level":"info","logger":"cds","timestamp":"2025-12-11T16:42:34.405Z","layer":"cds","component_type":"application","container_id":"10.32.1.6","component_id":"113816b9-3652-4c6b-aee6-9f7ae1199eee","component_name":"monitoring-dashboard-srv","component_instance":0,"source_instance":0,"organization_name":"54a097c8trial","organization_id":"c48e55d0-221b-4f4b-99b6-2497275339d5","space_name":"dev","space_id":"b9c2d049-9aa6-438f-835c-baf40903f049","msg":"server v9.5.2 launched in 369 ms","type":"log"} (STDOUT, APP/PROC/WEB)#
#2025 12 11 16:42:39.569#Z#DEBUG#488502c8-d6b0-11f0-b96a-eeee0a9b9f4e.monitoring-dashboard-srv#flowable-async-job-executor-thread-1781#
[PollStartAppStatusExecution] 113816b9-3652-4c6b-aee6-9f7ae1199eee [2025-12-11T16:42:36.203328] Container became healthy (STDOUT, CELL)#
#2025 12 11 16:42:39.569#Z#DEBUG#488502c8-d6b0-11f0-b96a-eeee0a9b9f4e.monitoring-dashboard-srv#flowable-async-job-executor-thread-1781#
[PollStartAppStatusExecution] 113816b9-3652-4c6b-aee6-9f7ae1199eee [2025-12-11T16:42:36.226150] Process became ready with guid 113816b9-3652-4c6b-aee6-9f7ae1199eee payload: {"instance"=>"9711fe1c-5c2e-4542-7815-8eb5", "index"=>0, "cell_id"=>"684caff8-89cd-492b-be01-b3d0835f1763", "ready"=>true, "version"=>"8635e229-805a-4869-8b56-a8f8398957a7"} (STDOUT, API)#
